[2025-10-13 14:48:51] local.INFO: Attempting legacy file path resolution {"file_id":"138","stored_path":"bro/Capangpangan Franco.pdf","user_id":9,"filename":"Capangpangan Franco.pdf"} 
[2025-10-13 14:48:51] local.INFO: Testing file path {"file_id":"138","test_path":"bro/Capangpangan Franco.pdf","test_url":"https://fywmgiuvdbsjfchfzixc.supabase.co/storage/v1/object/public/docs/bro/Capangpangan Franco.pdf"} 
[2025-10-13 14:48:52] local.INFO: Testing file path {"file_id":"138","test_path":"user_9/Capangpangan Franco.pdf","test_url":"https://fywmgiuvdbsjfchfzixc.supabase.co/storage/v1/object/public/docs/user_9/Capangpangan Franco.pdf"} 
[2025-10-13 14:48:52] local.ERROR: File not found in Supabase storage with any path strategy {"file_id":"138","stored_path":"bro/Capangpangan Franco.pdf","user_id":9,"paths_tried":["bro/Capangpangan Franco.pdf","user_9/Capangpangan Franco.pdf"]} 
[2025-10-13 14:49:52] local.INFO: Attempting legacy file path resolution {"file_id":"126","stored_path":"Text file.pdf","user_id":9,"filename":"Text file.pdf"} 
[2025-10-13 14:49:52] local.INFO: Testing file path {"file_id":"126","test_path":"Text file.pdf","test_url":"https://fywmgiuvdbsjfchfzixc.supabase.co/storage/v1/object/public/docs/Text file.pdf"} 
[2025-10-13 14:49:53] local.INFO: Testing file path {"file_id":"126","test_path":"user_9/Text file.pdf","test_url":"https://fywmgiuvdbsjfchfzixc.supabase.co/storage/v1/object/public/docs/user_9/Text file.pdf"} 
[2025-10-13 14:49:53] local.ERROR: File not found in Supabase storage with any path strategy {"file_id":"126","stored_path":"Text file.pdf","user_id":9,"paths_tried":["Text file.pdf","user_9/Text file.pdf"]} 
[2025-10-13 14:52:37] local.DEBUG: Login GET - Session Created {"session_id":"M56FJWNI2trWuozBmGyiMALl2srbXaKliCwHZA08","csrf_token":"iojTfWM14Bj0n2j...","has_session_cookie":true,"cookie_header_length":906} 
[2025-10-13 14:52:50] local.DEBUG: Login POST - CSRF Validation {"session_id":"M56FJWNI2trWuozBmGyiMALl2srbXaKliCwHZA08","session_domain":"securedocs.live","session_secure":true,"session_same_site":"none","has_csrf_in_session":true,"csrf_from_form":"l5F9FxXUCQMIbYG...","csrf_from_session":"l5F9FxXUCQMIbYG...","tokens_match":true,"has_session_cookie":true,"request_has_session":true} 
[2025-10-13 14:52:51] local.DEBUG: Login GET - Session Created {"session_id":"M56FJWNI2trWuozBmGyiMALl2srbXaKliCwHZA08","csrf_token":"l5F9FxXUCQMIbYG...","has_session_cookie":true,"cookie_header_length":906} 
[2025-10-13 14:55:53] local.INFO: HandleUserLogin processing {"user_id":9,"session_id":"V9RxjnYnBjcHiJMDrYab9a5nDWFAlv3ZyTIr12A1","session_id_length":40,"session_id_type":"string"} 
[2025-10-13 14:55:54] local.DEBUG: UserSession boolean values {"original_values":{"is_mobile":false,"is_tablet":false,"is_desktop":true},"cast_values":{"is_mobile":false,"is_tablet":false,"is_desktop":true,"is_suspicious":true,"trusted_device":true},"types":{"is_mobile":"boolean","is_tablet":"boolean","is_desktop":"boolean"}} 
[2025-10-13 14:55:54] local.INFO: User login processed {"user_id":9,"session_id":"V9RxjnYnBjcHiJMDrYab9a5nDWFAlv3ZyTIr12A1","is_new_device":false,"device_type":"desktop","location":"Unknown"} 
[2025-10-13 14:55:54] local.INFO: HandleUserLogin processing {"user_id":9,"session_id":"V9RxjnYnBjcHiJMDrYab9a5nDWFAlv3ZyTIr12A1","session_id_length":40,"session_id_type":"string"} 
[2025-10-13 14:55:54] local.DEBUG: UserSession boolean values {"original_values":{"is_mobile":false,"is_tablet":false,"is_desktop":true},"cast_values":{"is_mobile":false,"is_tablet":false,"is_desktop":true,"is_suspicious":true,"trusted_device":true},"types":{"is_mobile":"boolean","is_tablet":"boolean","is_desktop":"boolean"}} 
[2025-10-13 14:55:55] local.INFO: User login processed {"user_id":9,"session_id":"V9RxjnYnBjcHiJMDrYab9a5nDWFAlv3ZyTIr12A1","is_new_device":false,"device_type":"desktop","location":"Unknown"} 
[2025-10-13 14:55:56] local.DEBUG: Login POST - CSRF Validation {"session_id":"7eDO4XyjxFlXs8MLfqm4gVDo7jSHxuyN6Xe4C9nS","session_domain":"securedocs.live","session_secure":true,"session_same_site":"none","has_csrf_in_session":true,"csrf_from_form":"PVWFcrkHVB6foTe...","csrf_from_session":"8FkKEyUYLkKnwcI...","tokens_match":false,"has_session_cookie":true,"request_has_session":true} 
[2025-10-13 14:57:52] local.INFO: Destroy request received {"user_id":9,"file_id":"126","via":"ajax"} 
[2025-10-13 14:57:52] local.INFO: Moving file to trash in Supabase {"from":"user_9/Text file.pdf","to":"trash/user_9/Text file.pdf"} 
[2025-10-13 14:57:53] local.ERROR: Failed to move file to trash in Supabase {"file_path":"user_9/Text file.pdf","status_code":"N/A","error":"cURL error 60: SSL certificate problem: unable to get local issuer certificate (see https://curl.haxx.se/libcurl/c/libcurl-errors.html) for https://fywmgiuvdbsjfchfzixc.supabase.co/storage/v1/object/move"} 
[2025-10-13 14:58:12] local.INFO: Destroy request received {"user_id":9,"file_id":"138","via":"ajax"} 
[2025-10-13 14:58:12] local.INFO: Moving file to trash in Supabase {"from":"bro/Capangpangan Franco.pdf","to":"trash/bro/Capangpangan Franco.pdf"} 
[2025-10-13 14:58:12] local.ERROR: Failed to move file to trash in Supabase {"file_path":"bro/Capangpangan Franco.pdf","status_code":"N/A","error":"cURL error 60: SSL certificate problem: unable to get local issuer certificate (see https://curl.haxx.se/libcurl/c/libcurl-errors.html) for https://fywmgiuvdbsjfchfzixc.supabase.co/storage/v1/object/move"} 
[2025-10-13 14:58:19] local.INFO: Destroy request received {"user_id":9,"file_id":"139","via":"ajax"} 
[2025-10-13 14:58:20] local.INFO: Moving file to trash in Supabase {"from":"bro/Capangpangan Franco.pdf","to":"trash/bro/Capangpangan Franco.pdf"} 
[2025-10-13 14:58:20] local.ERROR: Failed to move file to trash in Supabase {"file_path":"bro/Capangpangan Franco.pdf","status_code":"N/A","error":"cURL error 60: SSL certificate problem: unable to get local issuer certificate (see https://curl.haxx.se/libcurl/c/libcurl-errors.html) for https://fywmgiuvdbsjfchfzixc.supabase.co/storage/v1/object/move"} 
[2025-10-13 14:58:45] local.ERROR: Failed to permanently delete file from Supabase {"file_path":"bro/Capangpangan Franco.pdf","error":"cURL error 60: SSL certificate problem: unable to get local issuer certificate (see https://curl.haxx.se/libcurl/c/libcurl-errors.html) for https://fywmgiuvdbsjfchfzixc.supabase.co/storage/v1/object/docs/bro/Capangpangan%20Franco.pdf"} 
[2025-10-13 14:58:53] local.ERROR: Failed to permanently delete file from Supabase {"file_path":"bro/Capangpangan Franco.pdf","error":"cURL error 60: SSL certificate problem: unable to get local issuer certificate (see https://curl.haxx.se/libcurl/c/libcurl-errors.html) for https://fywmgiuvdbsjfchfzixc.supabase.co/storage/v1/object/docs/bro/Capangpangan%20Franco.pdf"} 
[2025-10-13 14:59:00] local.ERROR: Failed to permanently delete file from Supabase {"file_path":"user_9/Text file.pdf","error":"cURL error 60: SSL certificate problem: unable to get local issuer certificate (see https://curl.haxx.se/libcurl/c/libcurl-errors.html) for https://fywmgiuvdbsjfchfzixc.supabase.co/storage/v1/object/docs/user_9/Text%20file.pdf"} 
[2025-10-13 15:24:47] local.INFO: AI categorization status updated {"user_id":"9","status":"in_progress","progress":0} 
[2025-10-13 15:24:50] local.INFO: AI categorization status updated {"user_id":"9","status":"in_progress","progress":25} 
[2025-10-13 15:24:55] local.INFO: AI categorization status updated {"user_id":"9","status":"in_progress","progress":50} 
[2025-10-13 15:25:11] local.INFO: AI categorization status updated {"user_id":"9","status":"in_progress","progress":75} 
[2025-10-13 15:25:14] local.DEBUG: Login GET - Session Created {"session_id":"gfwrWtqtlPfK1qF0iMpSrM5vV58JmW8gF0o7TSyY","csrf_token":"Iw6HvmpYnNK4e6M...","has_session_cookie":true,"cookie_header_length":716} 
[2025-10-13 15:25:18] local.INFO: AI categorization status updated {"user_id":"9","status":"completed","progress":100} 
[2025-10-13 15:25:27] local.INFO: HandleUserLogin processing {"user_id":18,"session_id":"YXXRdLpjBd0EXodDUe7zzhqd4DogtsPI5R2oXbQ9","session_id_length":40,"session_id_type":"string"} 
[2025-10-13 15:25:28] local.DEBUG: UserSession boolean values {"original_values":{"is_mobile":false,"is_tablet":false,"is_desktop":true},"cast_values":{"is_mobile":false,"is_tablet":false,"is_desktop":true,"is_suspicious":false,"trusted_device":false},"types":{"is_mobile":"boolean","is_tablet":"boolean","is_desktop":"boolean"}} 
[2025-10-13 15:25:30] local.INFO: User login processed {"user_id":18,"session_id":"YXXRdLpjBd0EXodDUe7zzhqd4DogtsPI5R2oXbQ9","is_new_device":true,"device_type":"desktop","location":"Unknown"} 
[2025-10-13 15:25:30] local.INFO: HandleUserLogin processing {"user_id":18,"session_id":"YXXRdLpjBd0EXodDUe7zzhqd4DogtsPI5R2oXbQ9","session_id_length":40,"session_id_type":"string"} 
[2025-10-13 15:25:31] local.DEBUG: UserSession boolean values {"original_values":{"is_mobile":false,"is_tablet":false,"is_desktop":true},"cast_values":{"is_mobile":false,"is_tablet":false,"is_desktop":true,"is_suspicious":false,"trusted_device":true},"types":{"is_mobile":"boolean","is_tablet":"boolean","is_desktop":"boolean"}} 
[2025-10-13 15:25:31] local.INFO: User login processed {"user_id":18,"session_id":"YXXRdLpjBd0EXodDUe7zzhqd4DogtsPI5R2oXbQ9","is_new_device":false,"device_type":"desktop","location":"Unknown"} 
[2025-10-13 15:25:32] local.DEBUG: Login POST - CSRF Validation {"session_id":"02jpxX14Ojro4K5J3kQVv3Y4QkPlAzeHQbcBvAk8","session_domain":"securedocs.live","session_secure":true,"session_same_site":"none","has_csrf_in_session":true,"csrf_from_form":"pYcuUdw6h29Ck5b...","csrf_from_session":"KDzqqScUNC5vH0o...","tokens_match":false,"has_session_cookie":true,"request_has_session":true} 
[2025-10-13 15:28:25] local.INFO: Destroy request received {"user_id":9,"file_id":"152","via":"ajax"} 
[2025-10-13 15:32:46] local.INFO: OTP Email Sent Successfully {"user_email":"louiejaybonghanoy69@gmail.com","file_name":"Basic Japanese Expressions.pdf","otp_code":"497784","template":"emails.otp-verification"} 
[2025-10-13 15:33:47] local.INFO: Activity route called {"user_id":9,"user_name":"premium"} 
[2025-10-13 15:35:55] local.ERROR: Failed to update categorization status {"error":"The details field must be an array.","payload":{"user_id":"9","status":"in_progress","progress":0,"message":"Starting file categorization...","details":"Moving \"Data Dictionary (1).docx\" to \"Word Documents\" folder."}} 
[2025-10-13 15:35:56] local.ERROR: Failed to update categorization status {"error":"The details field must be an array.","payload":{"user_id":"9","status":"in_progress","progress":25,"message":"Analyzing file structure...","details":"Moving \"Data Dictionary (1).docx\" to \"Word Documents\" folder."}} 
[2025-10-13 15:35:59] local.ERROR: Failed to update categorization status {"error":"The details field must be an array.","payload":{"user_id":"9","status":"in_progress","progress":50,"message":"Planning folder structure...","details":"Moving \"Data Dictionary (1).docx\" to \"Word Documents\" folder."}} 
[2025-10-13 15:36:05] local.ERROR: Failed to update categorization status {"error":"The details field must be an array.","payload":{"user_id":"9","status":"in_progress","progress":75,"message":"Creating folders and organizing files...","details":"Moving \"Data Dictionary (1).docx\" to \"Word Documents\" folder."}} 
[2025-10-13 15:36:09] local.ERROR: Failed to update categorization status {"error":"The details field must be an array.","payload":{"user_id":"9","status":"completed","progress":100,"message":"File categorization completed successfully!","details":"Moved \"Data Dictionary (1).docx\" to \"Word Documents\" folder."}} 
[2025-10-13 15:37:53] local.INFO: Destroy request received {"user_id":9,"file_id":"148","via":"ajax"} 
[2025-10-13 15:39:26] local.INFO: Destroy request received {"user_id":9,"file_id":"137","via":"ajax"} 
[2025-10-13 15:39:27] local.INFO: Moving file to trash in Supabase {"from":"user_9/Documents/Data Dictionary (1).docx","to":"trash/user_9/Documents/Data Dictionary (1).docx"} 
[2025-10-13 15:39:27] local.ERROR: Failed to move file to trash in Supabase {"file_path":"user_9/Documents/Data Dictionary (1).docx","status_code":"N/A","error":"cURL error 60: SSL certificate problem: unable to get local issuer certificate (see https://curl.haxx.se/libcurl/c/libcurl-errors.html) for https://fywmgiuvdbsjfchfzixc.supabase.co/storage/v1/object/move"} 
[2025-10-13 15:39:41] local.ERROR: Failed to permanently delete file from Supabase {"file_path":"user_9/Documents/Data Dictionary (1).docx","error":"cURL error 60: SSL certificate problem: unable to get local issuer certificate (see https://curl.haxx.se/libcurl/c/libcurl-errors.html) for https://fywmgiuvdbsjfchfzixc.supabase.co/storage/v1/object/docs/user_9/Documents/Data%20Dictionary%20(1).docx"} 
[2025-10-13 15:41:27] local.INFO: Standard upload request received {"user_id":9} 
[2025-10-13 15:41:48] local.INFO: Standard upload request received {"user_id":9} 
[2025-10-13 15:43:10] local.INFO: Destroy request received {"user_id":9,"file_id":"156","via":"ajax"} 
[2025-10-13 15:43:10] local.INFO: Moving file to trash in Supabase {"from":"user_9/1760370085020_Untitled.png","to":"trash/user_9/1760370085020_Untitled.png"} 
[2025-10-13 15:43:10] local.ERROR: Failed to move file to trash in Supabase {"file_path":"user_9/1760370085020_Untitled.png","status_code":"N/A","error":"cURL error 60: SSL certificate problem: unable to get local issuer certificate (see https://curl.haxx.se/libcurl/c/libcurl-errors.html) for https://fywmgiuvdbsjfchfzixc.supabase.co/storage/v1/object/move"} 
[2025-10-13 15:43:21] local.ERROR: Failed to permanently delete file from Supabase {"file_path":"user_9/1760370085020_Untitled.png","error":"cURL error 60: SSL certificate problem: unable to get local issuer certificate (see https://curl.haxx.se/libcurl/c/libcurl-errors.html) for https://fywmgiuvdbsjfchfzixc.supabase.co/storage/v1/object/docs/user_9/1760370085020_Untitled.png"} 
[2025-10-13 15:53:20] local.INFO: Destroy request received {"user_id":9,"file_id":"157","via":"ajax"} 
[2025-10-13 15:53:20] local.INFO: Moving file to trash in Supabase {"from":"user_9/1760370105828_Japanese_Adjectives.pptx","to":"trash/user_9/1760370105828_Japanese_Adjectives.pptx"} 
[2025-10-13 15:53:21] local.INFO: File moved to trash successfully {"file_id":157,"new_path":"trash/user_9/1760370105828_Japanese_Adjectives.pptx"} 
[2025-10-13 16:19:18] local.INFO: Destroy request received {"user_id":9,"file_id":"154","via":"ajax"} 
[2025-10-13 16:26:39] local.INFO: Destroy request received {"user_id":9,"file_id":"158","via":"ajax"} 
[2025-10-13 16:31:34] local.INFO: Standard upload request received {"user_id":9} 
